<?xml version="1.0" encoding="UTF-8"?>
<!-- Generated by org.testng.reporters.JUnitReportReporter -->
<testsuite hostname="DESKTOP-BO63JFI" failures="0" tests="1" name="script.TestScript" time="4.296" errors="0" timestamp="2023-03-14T20:17:20 IST" skipped="0">
  <testcase classname="script.TestScript" name="ts" time="4.296"/>
  <system-out/>
</testsuite> <!-- script.TestScript -->
